{
  "stats": {
    "suites": 1,
    "tests": 1,
    "passes": 0,
    "pending": 0,
    "failures": 1,
    "start": "2025-02-11T21:49:43.030Z",
    "end": "2025-02-11T21:49:56.101Z",
    "duration": 13071,
    "testsRegistered": 1,
    "passPercent": 0,
    "pendingPercent": 0,
    "other": 0,
    "hasOther": false,
    "skipped": 0,
    "hasSkipped": false
  },
  "results": [
    {
      "uuid": "c37649dc-687b-4af7-a146-e848ff8c0ed9",
      "title": "",
      "fullFile": "cypress\\integration\\e2e\\test.cy.ts",
      "file": "cypress\\integration\\e2e\\test.cy.ts",
      "beforeHooks": [],
      "afterHooks": [],
      "tests": [],
      "suites": [
        {
          "uuid": "f732e9a3-a035-47b7-8779-da9d664258cc",
          "title": "Prueba en TypeScript",
          "fullFile": "",
          "file": "",
          "beforeHooks": [],
          "afterHooks": [],
          "tests": [
            {
              "title": "Debe visitar la página y verificar el título",
              "fullTitle": "Prueba en TypeScript Debe visitar la página y verificar el título",
              "timedOut": null,
              "duration": 5604,
              "state": "failed",
              "speed": null,
              "pass": false,
              "fail": true,
              "pending": false,
              "context": "{\n  \"title\": \"cypress-mochawesome-reporter-screenshots\",\n  \"value\": [\n    [\n      \"\\\\test.cy.ts\\\\Prueba en TypeScript -- Debe visitar la página y verificar el título (failed).png\"\n    ],\n    [\n      \"\\\\test.cy.ts\\\\Prueba en TypeScript -- Debe visitar la página y verificar el título (failed) (attempt 2).png\"\n    ]\n  ]\n}",
              "code": "cy.visit(\"https://example.cypress.io\");\ncy.title().should(\"include\", \"Cypress\");\ncy.get(\"h1\").should(\"contain\", \"Cypress\");",
              "err": {
                "message": "AssertionError: Timed out retrying after 5000ms: expected '<h1>' to contain 'Cypress'",
                "estack": "AssertionError: Timed out retrying after 5000ms: expected '<h1>' to contain 'Cypress'\n    at Context.eval (webpack://firstproject/./cypress/integration/e2e/test.cy.ts:6:0)",
                "diff": null
              },
              "uuid": "d78a63a1-9902-4509-a7d7-03416908fc3b",
              "parentUUID": "f732e9a3-a035-47b7-8779-da9d664258cc",
              "isHook": false,
              "skipped": false
            }
          ],
          "suites": [],
          "passes": [],
          "failures": [
            "d78a63a1-9902-4509-a7d7-03416908fc3b"
          ],
          "pending": [],
          "skipped": [],
          "duration": 5604,
          "root": false,
          "rootEmpty": false,
          "_timeout": 2000
        }
      ],
      "passes": [],
      "failures": [],
      "pending": [],
      "skipped": [],
      "duration": 0,
      "root": true,
      "rootEmpty": true,
      "_timeout": 2000
    }
  ],
  "meta": {
    "mocha": {
      "version": "7.0.1"
    },
    "mochawesome": {
      "options": {
        "quiet": false,
        "reportFilename": "mochawesome",
        "saveHtml": false,
        "saveJson": true,
        "consoleReporter": "spec",
        "useInlineDiffs": false,
        "code": true
      },
      "version": "7.1.3"
    },
    "marge": {
      "options": {
        "reportDir": "cypress\\reports\\.jsons",
        "charts": true,
        "reportPageTitle": "Resultados de Pruebas Cypress",
        "embeddedScreenshots": true,
        "inlineAssets": true,
        "overwrite": false,
        "html": false,
        "json": true
      },
      "version": "6.2.0"
    }
  }
}