{
  "stats": {
    "suites": 1,
    "tests": 1,
    "passes": 1,
    "pending": 0,
    "failures": 0,
    "start": "2025-02-11T21:19:43.775Z",
    "end": "2025-02-11T21:19:58.580Z",
    "duration": 14805,
    "testsRegistered": 1,
    "passPercent": 100,
    "pendingPercent": 0,
    "other": 0,
    "hasOther": false,
    "skipped": 0,
    "hasSkipped": false
  },
  "results": [
    {
      "uuid": "40c4c3cc-35d4-4199-b14f-11e14760d435",
      "title": "",
      "fullFile": "cypress\\integration\\smokeTest\\smoke1.js",
      "file": "cypress\\integration\\smokeTest\\smoke1.js",
      "beforeHooks": [],
      "afterHooks": [],
      "tests": [],
      "suites": [
        {
          "uuid": "4a71d8cc-2451-4e58-9243-47084f1c21f7",
          "title": "End to end testing",
          "fullFile": "",
          "file": "",
          "beforeHooks": [],
          "afterHooks": [],
          "tests": [
            {
              "title": "Submit Order",
              "fullTitle": "End to end testing Submit Order",
              "timedOut": null,
              "duration": 12558,
              "state": "passed",
              "speed": "slow",
              "pass": true,
              "fail": false,
              "pending": false,
              "context": null,
              "code": "Cypress.config('defaultCommandTimeout', 10000);\nvar homePage = new _HomePage[\"default\"]();\nhomePage.goTo(Cypress.env('url'));\nhomePage.login(Cypress.env('username'), Cypress.env('password'));\nvar productPage = new _ProductPage[\"default\"]();\nproductPage.getShopName().should('be.visible').and('contain', this.data.shopName);\nproductPage.getQuantityOfPhones().should('have.length', this.data.quantityOfPhones);\nproductPage.selectProductByName(this.data.productName1);\nproductPage.selectProductByName(this.data.productName2);\nproductPage.checkout();\nvar cartPage = new _CartPage[\"default\"]();\ncartPage.getProductsInCart().filter(\":contains(\\\"\".concat(this.data.productName1, \"\\\")\")).should('be.visible');\ncartPage.getProductsInCart().filter(\":contains(\\\"\".concat(this.data.productName1, \"\\\")\")).should('be.visible');\ncartPage.verifyMaxTotalPrice(this.data.maxTotalPrice);\ncartPage.checkout();\nvar confirmationPage = new _ConfirmationPage[\"default\"]();\nconfirmationPage.submitOrder(this.data.country);\nconfirmationPage.verifySuccessMessage(this.data.successMessage);",
              "err": {},
              "uuid": "6afe130a-24d2-4340-abfa-22c7b91d93c7",
              "parentUUID": "4a71d8cc-2451-4e58-9243-47084f1c21f7",
              "isHook": false,
              "skipped": false
            }
          ],
          "suites": [],
          "passes": [
            "6afe130a-24d2-4340-abfa-22c7b91d93c7"
          ],
          "failures": [],
          "pending": [],
          "skipped": [],
          "duration": 12558,
          "root": false,
          "rootEmpty": false,
          "_timeout": 2000
        }
      ],
      "passes": [],
      "failures": [],
      "pending": [],
      "skipped": [],
      "duration": 0,
      "root": true,
      "rootEmpty": true,
      "_timeout": 2000
    }
  ],
  "meta": {
    "mocha": {
      "version": "7.0.1"
    },
    "mochawesome": {
      "options": {
        "quiet": false,
        "reportFilename": "mochawesome",
        "saveHtml": false,
        "saveJson": true,
        "consoleReporter": "spec",
        "useInlineDiffs": false,
        "code": true
      },
      "version": "7.1.3"
    },
    "marge": {
      "options": {
        "reportDir": "cypress\\reports\\.jsons",
        "charts": true,
        "reportPageTitle": "Resultados de Pruebas Cypress",
        "embeddedScreenshots": true,
        "inlineAssets": true,
        "overwrite": false,
        "html": false,
        "json": true
      },
      "version": "6.2.0"
    }
  }
}