{
  "stats": {
    "suites": 1,
    "tests": 1,
    "passes": 1,
    "pending": 0,
    "failures": 0,
    "start": "2025-02-12T18:06:53.133Z",
    "end": "2025-02-12T18:07:11.542Z",
    "duration": 18409,
    "testsRegistered": 1,
    "passPercent": 100,
    "pendingPercent": 0,
    "other": 0,
    "hasOther": false,
    "skipped": 0,
    "hasSkipped": false
  },
  "results": [
    {
      "uuid": "bdbabfc0-0ac0-483d-b047-1d0820b059c2",
      "title": "",
      "fullFile": "cypress\\integration\\examples\\Test4.js",
      "file": "cypress\\integration\\examples\\Test4.js",
      "beforeHooks": [],
      "afterHooks": [],
      "tests": [],
      "suites": [
        {
          "uuid": "a01c40ca-54bd-4edb-87f4-c1f24be28ed7",
          "title": "Tabs",
          "fullFile": "",
          "file": "",
          "beforeHooks": [],
          "afterHooks": [],
          "tests": [
            {
              "title": "Visits the Cypress documentation page",
              "fullTitle": "Tabs Visits the Cypress documentation page",
              "timedOut": null,
              "duration": 16658,
              "state": "passed",
              "speed": "slow",
              "pass": true,
              "fail": false,
              "pending": false,
              "context": null,
              "code": "cy.visit('https://rahulshettyacademy.com/AutomationPractice/#/')\n// Handle child tabs, Cypress does not support child tabs so we are removing the target attribute to open the link in the same tab\ncy.get('#opentab').invoke('removeAttr', 'target').click()\n\n       cy.origin(\"https://www.qaclickacademy.com/\", () => {\n    cy.contains('About us').click()\n    cy.get('.mt-50 h2').should('contain', 'Welcome to QAClick Academy')\n\n       })\n\n       // Go back to the main page\n cy.visit('https://rahulshettyacademy.com/AutomationPractice/#/')\n \n       // For new windows we can copy the URL from the href attribute and use cy.visit()\n      // cy.get('')",
              "err": {},
              "uuid": "75d6d911-9b8a-4eef-a4f9-11e375125033",
              "parentUUID": "a01c40ca-54bd-4edb-87f4-c1f24be28ed7",
              "isHook": false,
              "skipped": false
            }
          ],
          "suites": [],
          "passes": [
            "75d6d911-9b8a-4eef-a4f9-11e375125033"
          ],
          "failures": [],
          "pending": [],
          "skipped": [],
          "duration": 16658,
          "root": false,
          "rootEmpty": false,
          "_timeout": 2000
        }
      ],
      "passes": [],
      "failures": [],
      "pending": [],
      "skipped": [],
      "duration": 0,
      "root": true,
      "rootEmpty": true,
      "_timeout": 2000
    }
  ],
  "meta": {
    "mocha": {
      "version": "7.0.1"
    },
    "mochawesome": {
      "options": {
        "quiet": false,
        "reportFilename": "mochawesome",
        "saveHtml": false,
        "saveJson": true,
        "consoleReporter": "spec",
        "useInlineDiffs": false,
        "code": true
      },
      "version": "7.1.3"
    },
    "marge": {
      "options": {
        "reportDir": "cypress\\reports\\.jsons",
        "charts": true,
        "reportPageTitle": "Resultados de Pruebas Cypress",
        "embeddedScreenshots": true,
        "inlineAssets": true,
        "overwrite": false,
        "html": false,
        "json": true
      },
      "version": "6.2.0"
    }
  }
}