{
  "stats": {
    "suites": 1,
    "tests": 1,
    "passes": 1,
    "pending": 0,
    "failures": 0,
    "start": "2025-02-12T18:06:33.895Z",
    "end": "2025-02-12T18:06:41.165Z",
    "duration": 7270,
    "testsRegistered": 1,
    "passPercent": 100,
    "pendingPercent": 0,
    "other": 0,
    "hasOther": false,
    "skipped": 0,
    "hasSkipped": false
  },
  "results": [
    {
      "uuid": "e5cb0fdf-581f-4632-b25f-896bd0c9756e",
      "title": "",
      "fullFile": "cypress\\integration\\examples\\Test2.js",
      "file": "cypress\\integration\\examples\\Test2.js",
      "beforeHooks": [],
      "afterHooks": [],
      "tests": [],
      "suites": [
        {
          "uuid": "852613c7-3722-45a0-b687-58acd61f9e00",
          "title": "My Second Test",
          "fullFile": "",
          "file": "",
          "beforeHooks": [],
          "afterHooks": [],
          "tests": [
            {
              "title": "Visits the Cypress documentation page",
              "fullTitle": "My Second Test Visits the Cypress documentation page",
              "timedOut": null,
              "duration": 6159,
              "state": "passed",
              "speed": "medium",
              "pass": true,
              "fail": false,
              "pending": false,
              "context": null,
              "code": "cy.visit('https://rahulshettyacademy.com/seleniumPractise/#/')\ncy.get('.search-keyword').type('tomato')\ncy.wait(1000)\ncy.get('.products').find('.product').should('have.length', 1)\ncy.get('.products').find('.product').eq(0).contains('ADD TO CART').click()      \ncy.get('.cart-icon').click()\ncy.contains('PROCEED TO CHECKOUT').click()\ncy.get('button').contains('Place Order').click()",
              "err": {},
              "uuid": "f9ba29ef-4e3b-480b-bad3-e8a68934a679",
              "parentUUID": "852613c7-3722-45a0-b687-58acd61f9e00",
              "isHook": false,
              "skipped": false
            }
          ],
          "suites": [],
          "passes": [
            "f9ba29ef-4e3b-480b-bad3-e8a68934a679"
          ],
          "failures": [],
          "pending": [],
          "skipped": [],
          "duration": 6159,
          "root": false,
          "rootEmpty": false,
          "_timeout": 2000
        }
      ],
      "passes": [],
      "failures": [],
      "pending": [],
      "skipped": [],
      "duration": 0,
      "root": true,
      "rootEmpty": true,
      "_timeout": 2000
    }
  ],
  "meta": {
    "mocha": {
      "version": "7.0.1"
    },
    "mochawesome": {
      "options": {
        "quiet": false,
        "reportFilename": "mochawesome",
        "saveHtml": false,
        "saveJson": true,
        "consoleReporter": "spec",
        "useInlineDiffs": false,
        "code": true
      },
      "version": "7.1.3"
    },
    "marge": {
      "options": {
        "reportDir": "cypress\\reports\\.jsons",
        "charts": true,
        "reportPageTitle": "Resultados de Pruebas Cypress",
        "embeddedScreenshots": true,
        "inlineAssets": true,
        "overwrite": false,
        "html": false,
        "json": true
      },
      "version": "6.2.0"
    }
  }
}