{
  "stats": {
    "suites": 1,
    "tests": 1,
    "passes": 1,
    "pending": 0,
    "failures": 0,
    "start": "2025-02-12T18:07:32.045Z",
    "end": "2025-02-12T18:07:42.623Z",
    "duration": 10578,
    "testsRegistered": 1,
    "passPercent": 100,
    "pendingPercent": 0,
    "other": 0,
    "hasOther": false,
    "skipped": 0,
    "hasSkipped": false
  },
  "results": [
    {
      "uuid": "5944c5dd-77ba-441f-8820-139280fb835b",
      "title": "",
      "fullFile": "cypress\\integration\\examples\\Test7.js",
      "file": "cypress\\integration\\examples\\Test7.js",
      "beforeHooks": [],
      "afterHooks": [],
      "tests": [],
      "suites": [
        {
          "uuid": "cd0262ac-9594-4f81-9398-a8298e6d00b6",
          "title": "Tabs",
          "fullFile": "",
          "file": "",
          "beforeHooks": [],
          "afterHooks": [],
          "tests": [
            {
              "title": "Visits the Cypress documentation page",
              "fullTitle": "Tabs Visits the Cypress documentation page",
              "timedOut": null,
              "duration": 9186,
              "state": "passed",
              "speed": "medium",
              "pass": true,
              "fail": false,
              "pending": false,
              "context": null,
              "code": "cy.visit('https://rahulshettyacademy.com/seleniumPractise/#/')\ncy.get('a[href*=\"offers\"]').invoke('removeAttr', 'target').click() \n\n// Method created by the teacher (Optimized)\nconst monthNumber = \"6\";\nconst date = \"15\";\nconst year = \"2027\";\nconst expectedList = [monthNumber,date,year];\ncy.wait(5000)\ncy.get(\".react-date-picker__inputGroup\").click();\n \ncy.get(\".react-calendar__navigation__label\").click();\ncy.get(\".react-calendar__navigation__label\").click();\ncy.contains(\"button\",year).click();\ncy.get(\".react-calendar__year-view__months__month\").eq(Number(monthNumber)-1).click();\ncy.contains(\"abbr\",date).click();\n \n//Assertion\ncy.get(\".react-date-picker__inputGroup__input\").each(($el,index)=>\n{\n    cy.wrap($el).invoke('val').should('eq',expectedList[index]);\n})\n// My method\ncy.get('.react-date-picker__calendar-button').click()\ncy.get('.react-calendar__navigation__label__labelText').click()\ncy.get('.react-calendar__navigation__label__labelText').click()\ncy.contains('2027').click()\ncy.contains('July').click()\ncy.get('.react-calendar__month-view__days__day').contains('15').click()\ncy.get('input[name=\"day\"]').should('have.value', '15')\ncy.get('input[name=\"month\"]').should('have.value', '7')\ncy.get('input[name=\"year\"]').should('have.value', '2027')",
              "err": {},
              "uuid": "bb93a99d-70c3-4134-b4b3-726d6e85c02e",
              "parentUUID": "cd0262ac-9594-4f81-9398-a8298e6d00b6",
              "isHook": false,
              "skipped": false
            }
          ],
          "suites": [],
          "passes": [
            "bb93a99d-70c3-4134-b4b3-726d6e85c02e"
          ],
          "failures": [],
          "pending": [],
          "skipped": [],
          "duration": 9186,
          "root": false,
          "rootEmpty": false,
          "_timeout": 2000
        }
      ],
      "passes": [],
      "failures": [],
      "pending": [],
      "skipped": [],
      "duration": 0,
      "root": true,
      "rootEmpty": true,
      "_timeout": 2000
    }
  ],
  "meta": {
    "mocha": {
      "version": "7.0.1"
    },
    "mochawesome": {
      "options": {
        "quiet": false,
        "reportFilename": "mochawesome",
        "saveHtml": false,
        "saveJson": true,
        "consoleReporter": "spec",
        "useInlineDiffs": false,
        "code": true
      },
      "version": "7.1.3"
    },
    "marge": {
      "options": {
        "reportDir": "cypress\\reports\\.jsons",
        "charts": true,
        "reportPageTitle": "Resultados de Pruebas Cypress",
        "embeddedScreenshots": true,
        "inlineAssets": true,
        "overwrite": false,
        "html": false,
        "json": true
      },
      "version": "6.2.0"
    }
  }
}