{
  "stats": {
    "suites": 1,
    "tests": 1,
    "passes": 1,
    "pending": 0,
    "failures": 0,
    "start": "2025-02-12T18:07:58.682Z",
    "end": "2025-02-12T18:08:12.270Z",
    "duration": 13588,
    "testsRegistered": 1,
    "passPercent": 100,
    "pendingPercent": 0,
    "other": 0,
    "hasOther": false,
    "skipped": 0,
    "hasSkipped": false
  },
  "results": [
    {
      "uuid": "261be56a-cec3-4029-9ab3-36db3a943c84",
      "title": "",
      "fullFile": "cypress\\integration\\examples\\Test8_EndToEndFrameworkV2.js",
      "file": "cypress\\integration\\examples\\Test8_EndToEndFrameworkV2.js",
      "beforeHooks": [],
      "afterHooks": [],
      "tests": [],
      "suites": [
        {
          "uuid": "08df52db-9630-4da9-95bb-6c96161c9a76",
          "title": "End to end testing",
          "fullFile": "",
          "file": "",
          "beforeHooks": [],
          "afterHooks": [],
          "tests": [
            {
              "title": "Submit Order",
              "fullTitle": "End to end testing Submit Order",
              "timedOut": null,
              "duration": 11926,
              "state": "passed",
              "speed": "slow",
              "pass": true,
              "fail": false,
              "pending": false,
              "context": null,
              "code": "Cypress.config('defaultCommandTimeout', 10000)\nconst homePage = this.homePage           \nhomePage.goTo(Cypress.env('url'))\nconst productPage = homePage.login(Cypress.env('username'), Cypress.env('password'))\nproductPage.getShopName().should('be.visible').and('contain', this.data.shopName)\nproductPage.getQuantityOfPhones().should('have.length', this.data.quantityOfPhones)\nproductPage.selectProductByName(this.data.productName1)\nproductPage.selectProductByName(this.data.productName2)\nconst cartPage = productPage.checkout()\ncartPage.getProductsInCart().filter(`:contains(\"${this.data.productName1}\")`).should('be.visible')\ncartPage.getProductsInCart().filter(`:contains(\"${this.data.productName1}\")`).should('be.visible')\ncartPage.verifyMaxTotalPrice(this.data.maxTotalPrice)\n\nconst confirmationPage = cartPage.checkout()\nconfirmationPage.submitOrder(this.data.country)\nconfirmationPage.verifySuccessMessage(this.data.successMessage)",
              "err": {},
              "uuid": "566c0bf3-a17b-4a67-a2f8-4f79aac40722",
              "parentUUID": "08df52db-9630-4da9-95bb-6c96161c9a76",
              "isHook": false,
              "skipped": false
            }
          ],
          "suites": [],
          "passes": [
            "566c0bf3-a17b-4a67-a2f8-4f79aac40722"
          ],
          "failures": [],
          "pending": [],
          "skipped": [],
          "duration": 11926,
          "root": false,
          "rootEmpty": false,
          "_timeout": 2000
        }
      ],
      "passes": [],
      "failures": [],
      "pending": [],
      "skipped": [],
      "duration": 0,
      "root": true,
      "rootEmpty": true,
      "_timeout": 2000
    }
  ],
  "meta": {
    "mocha": {
      "version": "7.0.1"
    },
    "mochawesome": {
      "options": {
        "quiet": false,
        "reportFilename": "mochawesome",
        "saveHtml": false,
        "saveJson": true,
        "consoleReporter": "spec",
        "useInlineDiffs": false,
        "code": true
      },
      "version": "7.1.3"
    },
    "marge": {
      "options": {
        "reportDir": "cypress\\reports\\.jsons",
        "charts": true,
        "reportPageTitle": "Resultados de Pruebas Cypress",
        "embeddedScreenshots": true,
        "inlineAssets": true,
        "overwrite": false,
        "html": false,
        "json": true
      },
      "version": "6.2.0"
    }
  }
}