{
  "stats": {
    "suites": 1,
    "tests": 1,
    "passes": 1,
    "pending": 0,
    "failures": 0,
    "start": "2025-02-12T18:07:21.305Z",
    "end": "2025-02-12T18:07:31.224Z",
    "duration": 9919,
    "testsRegistered": 1,
    "passPercent": 100,
    "pendingPercent": 0,
    "other": 0,
    "hasOther": false,
    "skipped": 0,
    "hasSkipped": false
  },
  "results": [
    {
      "uuid": "9123ce75-3981-4165-8555-5fe50ca1ba1e",
      "title": "",
      "fullFile": "cypress\\integration\\examples\\Test6.js",
      "file": "cypress\\integration\\examples\\Test6.js",
      "beforeHooks": [],
      "afterHooks": [],
      "tests": [],
      "suites": [
        {
          "uuid": "3499de57-d488-4a05-9cee-a0c7fcb8434e",
          "title": "Tabs",
          "fullFile": "",
          "file": "",
          "beforeHooks": [],
          "afterHooks": [],
          "tests": [
            {
              "title": "Visits the Cypress documentation page",
              "fullTitle": "Tabs Visits the Cypress documentation page",
              "timedOut": null,
              "duration": 8527,
              "state": "passed",
              "speed": "medium",
              "pass": true,
              "fail": false,
              "pending": false,
              "context": null,
              "code": "cy.visit('https://rahulshettyacademy.com/AutomationPractice/#/')\n// Handle iframes\n// Here we indicate the iframe that we want to interact with using the id\ncy.frameLoaded('#courses-iframe')\n// then we interact with the iframe to find and element and click on it\ncy.iframe().find('a[href*=\"mentorship\"]').eq(0).click()\ncy.wait(2000)\ncy.iframe().find('h1[class*=\"pricing-title\"]').should('have.length', 2)",
              "err": {},
              "uuid": "4641a6a0-4f0c-4b9a-9c21-9c64d5ec6b3c",
              "parentUUID": "3499de57-d488-4a05-9cee-a0c7fcb8434e",
              "isHook": false,
              "skipped": false
            }
          ],
          "suites": [],
          "passes": [
            "4641a6a0-4f0c-4b9a-9c21-9c64d5ec6b3c"
          ],
          "failures": [],
          "pending": [],
          "skipped": [],
          "duration": 8527,
          "root": false,
          "rootEmpty": false,
          "_timeout": 2000
        }
      ],
      "passes": [],
      "failures": [],
      "pending": [],
      "skipped": [],
      "duration": 0,
      "root": true,
      "rootEmpty": true,
      "_timeout": 2000
    }
  ],
  "meta": {
    "mocha": {
      "version": "7.0.1"
    },
    "mochawesome": {
      "options": {
        "quiet": false,
        "reportFilename": "mochawesome",
        "saveHtml": false,
        "saveJson": true,
        "consoleReporter": "spec",
        "useInlineDiffs": false,
        "code": true
      },
      "version": "7.1.3"
    },
    "marge": {
      "options": {
        "reportDir": "cypress\\reports\\.jsons",
        "charts": true,
        "reportPageTitle": "Resultados de Pruebas Cypress",
        "embeddedScreenshots": true,
        "inlineAssets": true,
        "overwrite": false,
        "html": false,
        "json": true
      },
      "version": "6.2.0"
    }
  }
}