{
  "stats": {
    "suites": 1,
    "tests": 1,
    "passes": 1,
    "pending": 0,
    "failures": 0,
    "start": "2025-02-12T18:07:12.356Z",
    "end": "2025-02-12T18:07:20.505Z",
    "duration": 8149,
    "testsRegistered": 1,
    "passPercent": 100,
    "pendingPercent": 0,
    "other": 0,
    "hasOther": false,
    "skipped": 0,
    "hasSkipped": false
  },
  "results": [
    {
      "uuid": "f6a9ceaa-0a04-458a-a5cb-48356017254f",
      "title": "",
      "fullFile": "cypress\\integration\\examples\\Test5.js",
      "file": "cypress\\integration\\examples\\Test5.js",
      "beforeHooks": [],
      "afterHooks": [],
      "tests": [],
      "suites": [
        {
          "uuid": "dcebe827-f3fb-4d89-9243-c71644306c22",
          "title": "Tabs",
          "fullFile": "",
          "file": "",
          "beforeHooks": [],
          "afterHooks": [],
          "tests": [
            {
              "title": "Visits the Cypress documentation page",
              "fullTitle": "Tabs Visits the Cypress documentation page",
              "timedOut": null,
              "duration": 6413,
              "state": "passed",
              "speed": "medium",
              "pass": true,
              "fail": false,
              "pending": false,
              "context": null,
              "code": "cy.visit('https://rahulshettyacademy.com/AutomationPractice/#/')\n// Handle tables\n// In this scenario we want to verify that the value for a specific course is 25\n// Get the second column of the table\ncy.get('tr td:nth-child(2)').each(($el, index, $list) => {\n    const courseName = $el.text()\n    if(courseName.includes('Python')){\n        // Get the next column which is the price\n        const price = $el.next().text()\n        expect(price).to.equal('25')\n    }\n})\n\n\n// Handle mouse hover\ncy.get('div.mouse-hover-content').invoke('show')\ncy.contains('Top').click()\ncy.url().should('include', 'top')\n\n// Handle invisible elements\n// With this solution we don't need to make the element visible or hover over it\ncy.contains('Top').click({force: true})",
              "err": {},
              "uuid": "cbeb9469-3c7f-440e-a105-af4b91ec792b",
              "parentUUID": "dcebe827-f3fb-4d89-9243-c71644306c22",
              "isHook": false,
              "skipped": false
            }
          ],
          "suites": [],
          "passes": [
            "cbeb9469-3c7f-440e-a105-af4b91ec792b"
          ],
          "failures": [],
          "pending": [],
          "skipped": [],
          "duration": 6413,
          "root": false,
          "rootEmpty": false,
          "_timeout": 2000
        }
      ],
      "passes": [],
      "failures": [],
      "pending": [],
      "skipped": [],
      "duration": 0,
      "root": true,
      "rootEmpty": true,
      "_timeout": 2000
    }
  ],
  "meta": {
    "mocha": {
      "version": "7.0.1"
    },
    "mochawesome": {
      "options": {
        "quiet": false,
        "reportFilename": "mochawesome",
        "saveHtml": false,
        "saveJson": true,
        "consoleReporter": "spec",
        "useInlineDiffs": false,
        "code": true
      },
      "version": "7.1.3"
    },
    "marge": {
      "options": {
        "reportDir": "cypress\\reports\\.jsons",
        "charts": true,
        "reportPageTitle": "Resultados de Pruebas Cypress",
        "embeddedScreenshots": true,
        "inlineAssets": true,
        "overwrite": false,
        "html": false,
        "json": true
      },
      "version": "6.2.0"
    }
  }
}